#
# A fatal error has been detected by the Java Runtime Environment:
#
#  EXCEPTION_ACCESS_VIOLATION (0xc0000005) at pc=0x000002a7c3678f91, pid=12124, tid=17984
#
# JRE version: Java(TM) SE Runtime Environment (18.0.2.1+1) (build 18.0.2.1+1-1)
# Java VM: Java HotSpot(TM) 64-Bit Server VM (18.0.2.1+1-1, mixed mode, emulated-client, sharing, tiered, compressed oops, compressed class ptrs, g1 gc, windows-amd64)
# Problematic frame:
# j  org.springframework.web.servlet.handler.AbstractHandlerMethodMapping$MappingRegistry.releaseReadLock()V+7
#
# No core dump will be written. Minidumps are not enabled by default on client versions of Windows
#
# If you would like to submit a bug report, please visit:
#   https://bugreport.java.com/bugreport/crash.jsp
#

---------------  S U M M A R Y ------------

Command Line: -XX:TieredStopAtLevel=1 -Xverify:none -XX:TieredStopAtLevel=1 com.tienda.TiendaApplication

Host: Intel(R) Core(TM) i7-9750H CPU @ 2.60GHz, 12 cores, 63G,  Windows 11 , 64 bit Build 22000 (10.0.22000.708)
Time: Sat Oct  1 15:57:30 2022 Central America Standard Time elapsed time: 15094.586337 seconds (0d 4h 11m 34s)

---------------  T H R E A D  ---------------

Current thread (0x000002a7f4ca04d0):  JavaThread "http-nio-80-exec-8" daemon [_thread_in_Java, id=17984, stack(0x000000be69a00000,0x000000be69b00000)]

Stack: [0x000000be69a00000,0x000000be69b00000],  sp=0x000000be69afdc80,  free space=1015k
Native frames: (J=compiled Java code, j=interpreted, Vv=VM code, C=native code)
C  0x000002a7c3678f91


siginfo: EXCEPTION_ACCESS_VIOLATION (0xc0000005), reading address 0x0000005800ce6288


Register to memory mapping:

RIP=0x000002a7c3678f91 is at code_begin+369 in an Interpreter codelet
invokevirtual  182 invokevirtual  [0x000002a7c3678e20, 0x000002a7c3678fc0]  416 bytes
RAX=0x0000000800ce6080 is a pointer to class: 
java.util.concurrent.locks.ReentrantReadWriteLock$ReadLock {0x0000000800ce6088}
 - instance size:     2
 - klass size:        77
 - access:            public synchronized 
 - state:             fully_initialized
 - name:              'java/util/concurrent/locks/ReentrantReadWriteLock$ReadLock'
 - super:             'java/lang/Object'
 - sub:               
 - arrays:            NULL
 - methods:           Array<T>(0x000002a7ef6cbd18)
 - method ordering:   Array<T>(0x0000000800a7f658)
 - default_methods:   Array<T>(0x0000000000000000)
 - local interfaces:  Array<T>(0x000002a7ef6cbce0)
 - trans. interfaces: Array<T>(0x000002a7ef6cbce0)
 - constants:         constant pool [106] {0x000002a7ef6cb8f8} for 'java/util/concurrent/locks/ReentrantReadWriteLock$ReadLock' cache=0x000002a7ef6cc320
 - class loader data:  loader data: 0x000002a7ec7d9de0 of 'bootstrap'
 - source file:       'ReentrantReadWriteLock.java'
 - class annotations:       Array<T>(0x0000000000000000)
 - class type annotations:  Array<T>(0x0000000000000000)
 - field annotations:       Array<T>(0x0000000000000000)
 - field type annotations:  Array<T>(0x0000000000000000)
 - inner classes:     Array<T>(0x000002a7ef6cc300)
 - nest members:     Array<T>(0x00000008005bd060)
 - permitted subclasses:     Array<T>(0x00000008005bd060)
 - java mirror:       a 'java/lang/Class'{0x0000000404aa59e8} = 'java/util/concurrent/locks/ReentrantReadWriteLock$ReadLock'
 - vtable length      11  (start addr: 0x0000000800ce6238)
 - itable length      10 (start addr: 0x0000000800ce6290)
 - ---- static fields (1 words):
 - private static final 'serialVersionUID' 'J' @112 
 - ---- non-static fields (1 words):
 - private final 'sync' 'Ljava/util/concurrent/locks/ReentrantReadWriteLock$Sync;' @12 
 - non-static oop maps: 12-12 
RBX=0x0000000a0000000a is an unknown value
RCX=0x0000000404bf55e0 is an oop: java.util.concurrent.locks.ReentrantReadWriteLock$ReadLock 
{0x0000000404bf55e0} - klass: 'java/util/concurrent/locks/ReentrantReadWriteLock$ReadLock'
 - ---- fields (total size 2 words):
 - private final 'sync' 'Ljava/util/concurrent/locks/ReentrantReadWriteLock$Sync;' @12  a 'java/util/concurrent/locks/ReentrantReadWriteLock$NonfairSync'{0x0000000404bf55f0} (8097eabe)
RDX=0x0000000090000001 is an unknown value
RSP=0x000000be69afdc80 is pointing into the stack for thread: 0x000002a7f4ca04d0
RBP=0x000000be69afdcd8 is pointing into the stack for thread: 0x000002a7f4ca04d0
RSI=0x0 is NULL
RDI=0x0 is NULL
R8 =0x0000000000000001 is an unknown value
R9 =0x0000000406803520 is an oop: org.springframework.web.util.pattern.PathPattern$MatchingContext 
{0x0000000406803520} - klass: 'org/springframework/web/util/pattern/PathPattern$MatchingContext'
 - ---- fields (total size 6 words):
 - final 'pathLength' 'I' @12  1
 - 'remainingPathIndex' 'I' @16  0
 - 'extractingVariables' 'Z' @20  false
 - 'determineRemainingPath' 'Z' @21  false
 - final 'candidate' 'Lorg/springframework/http/server/PathContainer;' @24  a 'org/springframework/http/server/DefaultPathContainer'{0x00000004068022b8} (80d00457)
 - final 'pathElements' 'Ljava/util/List;' @28  a 'java/util/Collections$UnmodifiableRandomAccessList'{0x00000004068022d0} (80d0045a)
 - private 'extractedUriVariables' 'Ljava/util/Map;' @32  NULL (0)
 - private 'extractedMatrixVariables' 'Ljava/util/Map;' @36  NULL (0)
 - final synthetic 'this$0' 'Lorg/springframework/web/util/pattern/PathPattern;' @40  a 'org/springframework/web/util/pattern/PathPattern'{0x000000040619bc10} (80c33782)
R10=0x0000000800000000 is pointing into metadata
R11=0x000002a7c37ecc40 is at entry_point+32 in (nmethod*)0x000002a7c37eca90
Compiled method (c1) 15094610 3443       1       java.util.concurrent.locks.ReentrantReadWriteLock::readLock (5 bytes)
 total in heap  [0x000002a7c37eca90,0x000002a7c37ecd28] = 664
 relocation     [0x000002a7c37ecbe8,0x000002a7c37ecc10] = 40
 main code      [0x000002a7c37ecc20,0x000002a7c37eccc0] = 160
 stub code      [0x000002a7c37eccc0,0x000002a7c37eccf8] = 56
 scopes data    [0x000002a7c37eccf8,0x000002a7c37ecd00] = 8
 scopes pcs     [0x000002a7c37ecd00,0x000002a7c37ecd20] = 32
 dependencies   [0x000002a7c37ecd20,0x000002a7c37ecd28] = 8
R12=0x0 is NULL
R13=0x000002a7f05f1997 is pointing into metadata
R14=0x000000be69afdce8 is pointing into the stack for thread: 0x000002a7f4ca04d0
R15=0x000002a7f4ca04d0 is a thread


Registers:
RAX=0x0000000800ce6080, RBX=0x0000000a0000000a, RCX=0x0000000404bf55e0, RDX=0x0000000090000001
RSP=0x000000be69afdc80, RBP=0x000000be69afdcd8, RSI=0x0000000000000000, RDI=0x0000000000000000
R8 =0x0000000000000001, R9 =0x0000000406803520, R10=0x0000000800000000, R11=0x000002a7c37ecc40
R12=0x0000000000000000, R13=0x000002a7f05f1997, R14=0x000000be69afdce8, R15=0x000002a7f4ca04d0
RIP=0x000002a7c3678f91, EFLAGS=0x0000000000010202

Top of Stack: (sp=0x000000be69afdc80)
0x000000be69afdc80:   000002a7c36693d6 0000000404bf55e0
0x000000be69afdc90:   000000be69afdc90 000002a7f05f1997
0x000000be69afdca0:   000000be69afdce8 000002a7f05f2250
0x000000be69afdcb0:   0000000000000000 0000000404d5c9c0
0x000000be69afdcc0:   000002a7f05f19b0 0000000000000000
0x000000be69afdcd0:   000000be69afdce8 000000be69afdd38
0x000000be69afdce0:   000002a7c36693d6 0000000404bf5488
0x000000be69afdcf0:   000000be69afdcf0 000002a7f00581be
0x000000be69afdd00:   000000be69afdd70 000002a7f05ec000
0x000000be69afdd10:   0000000000000000 00000004049413d0
0x000000be69afdd20:   000002a7f0058238 000000be69afdce8
0x000000be69afdd30:   000000be69afdd68 000000be69afddc0
0x000000be69afdd40:   000002a7c366952f 0000000000000000
0x000000be69afdd50:   0000000000000000 0000000000000000
0x000000be69afdd60:   0000000406802200 0000000406087bd0
0x000000be69afdd70:   0000000404bf51e0 000000be69afdd78 

Instructions: (pc=0x000002a7c3678f91)
0x000002a7c3678e91:   24 08 4c 89 6d c0 49 8b cf c5 f8 77 49 89 af 80
0x000002a7c3678ea1:   02 00 00 49 89 87 70 02 00 00 48 83 ec 20 f7 c4
0x000002a7c3678eb1:   0f 00 00 00 0f 84 1a 00 00 00 48 83 ec 08 49 ba
0x000002a7c3678ec1:   d0 43 eb 94 f8 7f 00 00 41 ff d2 48 83 c4 08 e9
0x000002a7c3678ed1:   0d 00 00 00 49 ba d0 43 eb 94 f8 7f 00 00 41 ff
0x000002a7c3678ee1:   d2 48 83 c4 20 49 c7 87 70 02 00 00 00 00 00 00
0x000002a7c3678ef1:   49 c7 87 80 02 00 00 00 00 00 00 49 c7 87 78 02
0x000002a7c3678f01:   00 00 00 00 00 00 c5 f8 77 49 81 7f 08 00 00 00
0x000002a7c3678f11:   00 0f 84 05 00 00 00 e9 e3 7f fe ff 4c 8b 6d c0
0x000002a7c3678f21:   4c 8b 75 c8 c3 41 0f b7 55 01 48 8b 4d d0 c1 e2
0x000002a7c3678f31:   02 48 8b 5c d1 30 8b 54 d1 38 8b ca 81 e1 ff 00
0x000002a7c3678f41:   00 00 48 8b 4c cc f8 44 8b ea c1 ea 1c 49 ba 70
0x000002a7c3678f51:   89 66 95 f8 7f 00 00 49 8b 14 d2 52 41 8b d5 4c
0x000002a7c3678f61:   8b 6d c0 8b c2 81 e0 00 00 10 00 0f 84 0f 00 00
0x000002a7c3678f71:   00 48 3b 01 4c 8d 6c 24 08 4c 89 6d f0 ff 63 50
0x000002a7c3678f81:   8b 41 08 49 ba 00 00 00 00 08 00 00 00 49 03 c2
0x000002a7c3678f91:   48 8b 9c d8 b8 01 00 00 4c 8d 6c 24 08 4c 89 6d
0x000002a7c3678fa1:   f0 ff 63 50 66 66 90 00 00 00 00 00 00 00 00 00
0x000002a7c3678fb1:   00 00 00 00 00 00 00 00 00 00 00 00 00 00 00 80
0x000002a7c3678fc1:   01 00 00 00 00 00 00 30 8f 3f 95 f8 7f 00 00 b7
0x000002a7c3678fd1:   00 00 00 00 00 00 00 00 00 00 00 00 00 00 00 48
0x000002a7c3678fe1:   83 ec 08 c5 fa 11 04 24 e9 25 00 00 00 48 83 ec
0x000002a7c3678ff1:   10 c5 fb 11 04 24 e9 17 00 00 00 48 83 ec 10 48
0x000002a7c3679001:   89 04 24 48 c7 44 24 08 00 00 00 00 e9 01 00 00
0x000002a7c3679011:   00 50 4c 89 6d c0 41 0f b7 55 01 48 8b 4d d0 c1
0x000002a7c3679021:   e2 02 8b 5c d1 20 c1 eb 10 81 e3 ff 00 00 00 81
0x000002a7c3679031:   fb b7 00 00 00 0f 84 b6 00 00 00 bb b7 00 00 00
0x000002a7c3679041:   e8 05 00 00 00 e9 9b 00 00 00 48 8b d3 48 8d 44
0x000002a7c3679051:   24 08 4c 89 6d c0 49 8b cf c5 f8 77 49 89 af 80
0x000002a7c3679061:   02 00 00 49 89 87 70 02 00 00 48 83 ec 20 f7 c4
0x000002a7c3679071:   0f 00 00 00 0f 84 1a 00 00 00 48 83 ec 08 49 ba
0x000002a7c3679081:   d0 43 eb 94 f8 7f 00 00 41 ff d2 48 83 c4 08 e9 


Stack slot to memory mapping:
stack at sp + 0 slots: 0x000002a7c36693d6 is at code_begin+822 in an Interpreter codelet
return entry points  [0x000002a7c36690a0, 0x000002a7c36698c0]  2080 bytes
stack at sp + 1 slots: 0x0000000404bf55e0 is an oop: java.util.concurrent.locks.ReentrantReadWriteLock$ReadLock 
{0x0000000404bf55e0} - klass: 'java/util/concurrent/locks/ReentrantReadWriteLock$ReadLock'
 - ---- fields (total size 2 words):
 - private final 'sync' 'Ljava/util/concurrent/locks/ReentrantReadWriteLock$Sync;' @12  a 'java/util/concurrent/locks/ReentrantReadWriteLock$NonfairSync'{0x0000000404bf55f0} (8097eabe)
stack at sp + 2 slots: 0x000000be69afdc90 is pointing into the stack for thread: 0x000002a7f4ca04d0
stack at sp + 3 slots: 0x000002a7f05f1997 is pointing into metadata
stack at sp + 4 slots: 0x000000be69afdce8 is pointing into the stack for thread: 0x000002a7f4ca04d0
stack at sp + 5 slots: 0x000002a7f05f2250 is pointing into metadata
stack at sp + 6 slots: 0x0 is NULL
stack at sp + 7 slots: 0x0000000404d5c9c0 is an oop: java.lang.Class 
{0x0000000404d5c9c0} - klass: 'java/lang/Class'
 - ---- fields (total size 14 words):
 - private volatile transient 'classRedefinedCount' 'I' @12  0
 - abstract internal 'klass' 'J' @16  34375299168 (ed7060 8)
 - abstract internal 'array_klass' 'J' @24  0 (0 0)
 - abstract internal 'oop_size' 'I' @32  14 (e)
 - abstract internal 'static_oop_field_count' 'I' @36  0
 - private volatile transient 'cachedConstructor' 'Ljava/lang/reflect/Constructor;' @40  NULL (0)
 - private transient 'name' 'Ljava/lang/String;' @44  "org.springframework.web.servlet.handler.AbstractHandlerMethodMapping$MappingRegistry"{0x0000000404d5ca30} (809ab946)
 - private transient 'module' 'Ljava/lang/Module;' @48  a 'java/lang/Module'{0x0000000404aee548} (8095dca9)
 - private final 'classLoader' 'Ljava/lang/ClassLoader;' @52  a 'jdk/internal/loader/ClassLoaders$AppClassLoader'{0x0000000404aedec8} (8095dbd9)
 - private transient 'classData' 'Ljava/lang/Object;' @56  NULL (0)
 - private transient 'packageName' 'Ljava/lang/String;' @60  "org.springframework.web.servlet.handler"{0x000000040486f020} (8090de04)
 - private final 'componentType' 'Ljava/lang/Class;' @64  NULL (0)
 - private volatile transient 'reflectionData' 'Ljava/lang/ref/SoftReference;' @68  NULL (0)
 - private volatile transient 'genericInfo' 'Lsun/reflect/generics/repository/ClassRepository;' @72  NULL (0)
 - private volatile transient 'enumConstants' '[Ljava/lang/Object;' @76  NULL (0)
 - private volatile transient 'enumConstantDirectory' 'Ljava/util/Map;' @80  NULL (0)
 - private volatile transient 'annotationData' 'Ljava/lang/Class$AnnotationData;' @84  NULL (0)
 - private volatile transient 'annotationType' 'Lsun/reflect/annotation/AnnotationType;' @88  NULL (0)
 - transient 'classValueMap' 'Ljava/lang/ClassValue$ClassValueMap;' @92  NULL (0)
 - abstract internal 'protection_domain' 'Ljava/lang/Object;' @96  a 'java/security/ProtectionDomain'{0x0000000404807758} (80900eeb)
 - abstract internal 'signers_name' 'Ljava/lang/Object;' @100  NULL (0)
 - abstract internal 'source_file' 'Ljava/lang/Object;' @104  NULL (0)
 - signature: Lorg/springframework/web/servlet/handler/AbstractHandlerMethodMapping$MappingRegistry;
 - ---- static fields (0):

invokevirtual  182 invokevirtual  [0x000002a7c3678e20, 0x000002a7c3678fc0]  416 bytes
[MachCode]
  0x000002a7c3678e20: 4883 ec08 | c5fa 1104 | 24e9 2500 | 0000 4883 | ec10 c5fb | 1104 24e9 | 1700 0000 | 4883 ec10 
  0x000002a7c3678e40: 4889 0424 | 48c7 4424 | 0800 0000 | 00e9 0100 | 0000 504c | 896d c041 | 0fb7 5501 | 488b 4dd0 
  0x000002a7c3678e60: c1e2 028b | 5cd1 20c1 | eb18 81e3 | ff00 0000 | 81fb b600 | 0000 0f84 | b600 0000 | bbb6 0000 
  0x000002a7c3678e80: 00e8 0500 | 0000 e99b | 0000 0048 | 8bd3 488d | 4424 084c | 896d c049 | 8bcf c5f8 | 7749 89af 
  0x000002a7c3678ea0: 8002 0000 | 4989 8770 | 0200 0048 | 83ec 20f7 | c40f 0000 | 000f 841a | 0000 0048 | 83ec 0849 
  0x000002a7c3678ec0: bad0 43eb | 94f8 7f00 | 0041 ffd2 | 4883 c408 | e90d 0000 | 0049 bad0 | 43eb 94f8 | 7f00 0041 
  0x000002a7c3678ee0: ffd2 4883 | c420 49c7 | 8770 0200 | 0000 0000 | 0049 c787 | 8002 0000 | 0000 0000 | 49c7 8778 
  0x000002a7c3678f00: 0200 0000 | 0000 00c5 | f877 4981 | 7f08 0000 | 0000 0f84 | 0500 0000 | e9e3 7ffe | ff4c 8b6d 
  0x000002a7c3678f20: c04c 8b75 | c8c3 410f | b755 0148 | 8b4d d0c1 | e202 488b | 5cd1 308b | 54d1 388b | ca81 e1ff 
  0x000002a7c3678f40: 0000 0048 | 8b4c ccf8 | 448b eac1 | ea1c 49ba | 7089 6695 | f87f 0000 | 498b 14d2 | 5241 8bd5 
  0x000002a7c3678f60: 4c8b 6dc0 | 8bc2 81e0 | 0000 1000 | 0f84 0f00 | 0000 483b | 014c 8d6c | 2408 4c89 | 6df0 ff63 
  0x000002a7c3678f80: 508b 4108 | 49ba 0000 | 0000 0800 | 0000 4903 | c248 8b9c | d8b8 0100 | 004c 8d6c | 2408 4c89 
  0x000002a7c3678fa0: 6df0 ff63 | 5066 6690 | 0000 0000 | 0000 0000 | 0000 0000 | 0000 0000 | 0000 0000 | 0000 0000 
[/MachCode]

---------------  P R O C E S S  ---------------

Threads class SMR info:
_java_thread_list=0x000002a7f35a91e0, length=28, elements={
0x000002a7ec914c50, 0x000002a7ec9155f0, 0x000002a7f3500720, 0x000002a7f3500fd0,
0x000002a7f3504120, 0x000002a7f3505260, 0x000002a7f350b8b0, 0x000002a7f350ca30,
0x000002a7f363fa50, 0x000002a7f36668f0, 0x000002a7f4b759b0, 0x000002a7f4b75e70,
0x000002a7f4b53480, 0x000002a7f4c6e990, 0x000002a7f4c8e820, 0x000002a7f4ca3e90,
0x000002a7f4ca1810, 0x000002a7f4ca1340, 0x000002a7f4ca2b50, 0x000002a7f4ca1ce0,
0x000002a7f4ca21b0, 0x000002a7f4ca34f0, 0x000002a7f4ca04d0, 0x000002a7f4ca2680,
0x000002a7f4ca3020, 0x000002a7f4ca09a0, 0x000002a7f4ca0e70, 0x000002a7f4ca39c0
}

Java Threads: ( => current thread )
  0x000002a7ec914c50 JavaThread "Reference Handler" daemon [_thread_blocked, id=19568, stack(0x000000be67300000,0x000000be67400000)]
  0x000002a7ec9155f0 JavaThread "Finalizer" daemon [_thread_blocked, id=20768, stack(0x000000be67400000,0x000000be67500000)]
  0x000002a7f3500720 JavaThread "Signal Dispatcher" daemon [_thread_blocked, id=12116, stack(0x000000be67500000,0x000000be67600000)]
  0x000002a7f3500fd0 JavaThread "Attach Listener" daemon [_thread_blocked, id=3780, stack(0x000000be67600000,0x000000be67700000)]
  0x000002a7f3504120 JavaThread "Service Thread" daemon [_thread_blocked, id=17040, stack(0x000000be67700000,0x000000be67800000)]
  0x000002a7f3505260 JavaThread "Monitor Deflation Thread" daemon [_thread_blocked, id=7732, stack(0x000000be67800000,0x000000be67900000)]
  0x000002a7f350b8b0 JavaThread "C1 CompilerThread0" daemon [_thread_blocked, id=18024, stack(0x000000be67900000,0x000000be67a00000)]
  0x000002a7f350ca30 JavaThread "Sweeper thread" daemon [_thread_blocked, id=11516, stack(0x000000be67a00000,0x000000be67b00000)]
  0x000002a7f363fa50 JavaThread "Notification Thread" daemon [_thread_blocked, id=19236, stack(0x000000be67e00000,0x000000be67f00000)]
  0x000002a7f36668f0 JavaThread "Common-Cleaner" daemon [_thread_blocked, id=20740, stack(0x000000be68000000,0x000000be68100000)]
  0x000002a7f4b759b0 JavaThread "Catalina-utility-1" [_thread_blocked, id=8436, stack(0x000000be68c00000,0x000000be68d00000)]
  0x000002a7f4b75e70 JavaThread "Catalina-utility-2" [_thread_blocked, id=14008, stack(0x000000be68d00000,0x000000be68e00000)]
  0x000002a7f4b53480 JavaThread "container-0" [_thread_blocked, id=4824, stack(0x000000be68e00000,0x000000be68f00000)]
  0x000002a7f4c6e990 JavaThread "File Watcher" daemon [_thread_blocked, id=22020, stack(0x000000be69100000,0x000000be69200000)]
  0x000002a7f4c8e820 JavaThread "Live Reload Server" daemon [_thread_in_native, id=5108, stack(0x000000be69300000,0x000000be69400000)]
  0x000002a7f4ca3e90 JavaThread "http-nio-80-exec-1" daemon [_thread_blocked, id=21220, stack(0x000000be69200000,0x000000be69300000)]
  0x000002a7f4ca1810 JavaThread "http-nio-80-exec-2" daemon [_thread_blocked, id=21828, stack(0x000000be69400000,0x000000be69500000)]
  0x000002a7f4ca1340 JavaThread "http-nio-80-exec-3" daemon [_thread_blocked, id=22276, stack(0x000000be69500000,0x000000be69600000)]
  0x000002a7f4ca2b50 JavaThread "http-nio-80-exec-4" daemon [_thread_blocked, id=21456, stack(0x000000be69600000,0x000000be69700000)]
  0x000002a7f4ca1ce0 JavaThread "http-nio-80-exec-5" daemon [_thread_blocked, id=19120, stack(0x000000be69700000,0x000000be69800000)]
  0x000002a7f4ca21b0 JavaThread "http-nio-80-exec-6" daemon [_thread_blocked, id=19940, stack(0x000000be69800000,0x000000be69900000)]
  0x000002a7f4ca34f0 JavaThread "http-nio-80-exec-7" daemon [_thread_blocked, id=19816, stack(0x000000be69900000,0x000000be69a00000)]
=>0x000002a7f4ca04d0 JavaThread "http-nio-80-exec-8" daemon [_thread_in_Java, id=17984, stack(0x000000be69a00000,0x000000be69b00000)]
  0x000002a7f4ca2680 JavaThread "http-nio-80-exec-9" daemon [_thread_blocked, id=7756, stack(0x000000be69b00000,0x000000be69c00000)]
  0x000002a7f4ca3020 JavaThread "http-nio-80-exec-10" daemon [_thread_blocked, id=11108, stack(0x000000be69c00000,0x000000be69d00000)]
  0x000002a7f4ca09a0 JavaThread "http-nio-80-Poller" daemon [_thread_in_native, id=15992, stack(0x000000be69d00000,0x000000be69e00000)]
  0x000002a7f4ca0e70 JavaThread "http-nio-80-Acceptor" daemon [_thread_in_native, id=9296, stack(0x000000be69e00000,0x000000be69f00000)]
  0x000002a7f4ca39c0 JavaThread "DestroyJavaVM" [_thread_blocked, id=8960, stack(0x000000be66c00000,0x000000be66d00000)]

Other Threads:
  0x000002a7ec910c40 VMThread "VM Thread" [stack: 0x000000be67200000,0x000000be67300000] [id=22496]
  0x000002a7f3640320 WatcherThread "VM Periodic Task Thread" [stack: 0x000000be67f00000,0x000000be68000000] [id=13344]
  0x000002a7ec770d10 WorkerThread "GC Thread#0" [stack: 0x000000be66d00000,0x000000be66e00000] [id=21312]
  0x000002a7f3faf050 WorkerThread "GC Thread#1" [stack: 0x000000be68300000,0x000000be68400000] [id=19072]
  0x000002a7f3f87be0 WorkerThread "GC Thread#2" [stack: 0x000000be68400000,0x000000be68500000] [id=1900]
  0x000002a7f3f90780 WorkerThread "GC Thread#3" [stack: 0x000000be68500000,0x000000be68600000] [id=2172]
  0x000002a7f3f91650 WorkerThread "GC Thread#4" [stack: 0x000000be68600000,0x000000be68700000] [id=14412]
  0x000002a7f3fbaf70 WorkerThread "GC Thread#5" [stack: 0x000000be68700000,0x000000be68800000] [id=13768]
  0x000002a7f3fbb210 WorkerThread "GC Thread#6" [stack: 0x000000be68800000,0x000000be68900000] [id=4608]
  0x000002a7f3fbf4c0 WorkerThread "GC Thread#7" [stack: 0x000000be68900000,0x000000be68a00000] [id=11908]
  0x000002a7f3fbfb70 WorkerThread "GC Thread#8" [stack: 0x000000be68a00000,0x000000be68b00000] [id=7196]
  0x000002a7f3fbfe10 WorkerThread "GC Thread#9" [stack: 0x000000be68b00000,0x000000be68c00000] [id=18388]
  0x000002a7bbdeec30 ConcurrentGCThread "G1 Main Marker" [stack: 0x000000be66e00000,0x000000be66f00000] [id=18316]
  0x000002a7ec771da0 WorkerThread "G1 Conc#0" [stack: 0x000000be66f00000,0x000000be67000000] [id=21932]
  0x000002a7f4bbad90 WorkerThread "G1 Conc#1" [stack: 0x000000be68f00000,0x000000be69000000] [id=13964]
  0x000002a7f4c3b090 WorkerThread "G1 Conc#2" [stack: 0x000000be69000000,0x000000be69100000] [id=15472]
  0x000002a7ec7cc0a0 ConcurrentGCThread "G1 Refine#0" [stack: 0x000000be67000000,0x000000be67100000] [id=8256]
  0x000002a7f3697490 ConcurrentGCThread "G1 Refine#1" [stack: 0x000000be66b00000,0x000000be66c00000] [id=10928]
  0x000002a7f36963b0 ConcurrentGCThread "G1 Refine#2" [stack: 0x000000be67b00000,0x000000be67c00000] [id=11664]
  0x000002a7f3697760 ConcurrentGCThread "G1 Refine#3" [stack: 0x000000be67c00000,0x000000be67d00000] [id=1688]
  0x000002a7f3696ef0 ConcurrentGCThread "G1 Refine#4" [stack: 0x000000be67d00000,0x000000be67e00000] [id=21592]
  0x000002a7ec7cc9b0 ConcurrentGCThread "G1 Service" [stack: 0x000000be67100000,0x000000be67200000] [id=14928]

Threads with active compile tasks:

VM state: not at safepoint (normal execution)

VM Mutex/Monitor currently owned by a thread: None

Heap address: 0x0000000404000000, size: 16320 MB, Compressed Oops mode: Zero based, Oop shift amount: 3

CDS archive(s) mapped at: [0x0000000800000000-0x0000000800ba0000-0x0000000800ba0000), size 12189696, SharedBaseAddress: 0x0000000800000000, ArchiveRelocationMode: 0.
Compressed class space mapped at: 0x0000000800c00000-0x0000000840c00000, reserved size: 1073741824
Narrow klass base: 0x0000000800000000, Narrow klass shift: 0, Narrow klass range: 0x100000000

GC Precious Log:
 CardTable entry size: 512
 Card Set container configuration: InlinePtr #cards 4 size 8 Array Of Cards #cards 64 size 144 Howl #buckets 8 coarsen threshold 14745 Howl Bitmap #cards 2048 size 272 coarsen threshold 1843 Card regions per heap region 1 cards per card region 16384
 CPUs: 12 total, 12 available
 Memory: 65270M
 Large Page Support: Disabled
 NUMA Support: Disabled
 Compressed Oops: Enabled (Zero based)
 Heap Region Size: 8M
 Heap Min Capacity: 8M
 Heap Initial Capacity: 1G
 Heap Max Capacity: 16320M
 Pre-touch: Disabled
 Parallel Workers: 10
 Concurrent Workers: 3
 Concurrent Refinement Workers: 10
 Periodic GC: Disabled

Heap:
 garbage-first heap   total 81920K, used 46099K [0x0000000404000000, 0x0000000800000000)
  region size 8192K, 6 young (49152K), 1 survivors (8192K)
 Metaspace       used 24776K, committed 25216K, reserved 1114112K
  class space    used 3257K, committed 3456K, reserved 1048576K

Heap Regions: E=young(eden), S=young(survivor), O=old, HS=humongous(starts), HC=humongous(continues), CS=collection set, F=free, OA=open archive, CA=closed archive, TAMS=top-at-mark-start (previous, next)
|   0|0x0000000404000000, 0x0000000404000000, 0x0000000404800000|  0%| F|  |TAMS 0x0000000404000000, 0x0000000404000000| Untracked 
|   1|0x0000000404800000, 0x0000000405000000, 0x0000000405000000|100%| O|  |TAMS 0x0000000404800000, 0x0000000404800000| Untracked 
|   2|0x0000000405000000, 0x000000040530ec00, 0x0000000405800000| 38%| O|  |TAMS 0x0000000405000000, 0x0000000405000000| Untracked 
|   3|0x0000000405800000, 0x0000000405800000, 0x0000000406000000|  0%| F|  |TAMS 0x0000000405800000, 0x0000000405800000| Untracked 
|   4|0x0000000406000000, 0x00000004061f6290, 0x0000000406800000| 24%| S|CS|TAMS 0x0000000406000000, 0x0000000406000000| Complete 
|   5|0x0000000406800000, 0x0000000406807128, 0x0000000407000000|  0%| E|  |TAMS 0x0000000406800000, 0x0000000406800000| Complete 
|   6|0x0000000407000000, 0x0000000407800000, 0x0000000407800000|100%| E|CS|TAMS 0x0000000407000000, 0x0000000407000000| Complete 
|   7|0x0000000407800000, 0x0000000408000000, 0x0000000408000000|100%| E|CS|TAMS 0x0000000407800000, 0x0000000407800000| Complete 
| 123|0x0000000441800000, 0x0000000442000000, 0x0000000442000000|100%| E|CS|TAMS 0x0000000441800000, 0x0000000441800000| Complete 
| 127|0x0000000443800000, 0x0000000444000000, 0x0000000444000000|100%| E|CS|TAMS 0x0000000443800000, 0x0000000443800000| Complete 

Card table byte_map: [0x000002a7c8970000,0x000002a7ca950000] _byte_map_base: 0x000002a7c6950000

Marking Bits (Prev, Next): (CMBitMap*) 0x000002a7bbdde2e0, (CMBitMap*) 0x000002a7bbdde2a0
 Prev Bits: [0x000002a7dc830000, 0x000002a7ec730000)
 Next Bits: [0x000002a7cc930000, 0x000002a7dc830000)

Polling page: 0x000002a7b9c60000

Metaspace:

Usage:
  Non-class:     21.01 MB used.
      Class:      3.18 MB used.
       Both:     24.20 MB used.

Virtual space:
  Non-class space:       64.00 MB reserved,      21.25 MB ( 33%) committed,  1 nodes.
      Class space:        1.00 GB reserved,       3.38 MB ( <1%) committed,  1 nodes.
             Both:        1.06 GB reserved,      24.62 MB (  2%) committed. 

Chunk freelists:
   Non-Class:  2.41 MB
       Class:  494.00 KB
        Both:  2.89 MB

MaxMetaspaceSize: unlimited
CompressedClassSpaceSize: 1.00 GB
Initial GC threshold: 21.00 MB
Current GC threshold: 35.12 MB
CDS: on
MetaspaceReclaimPolicy: balanced
 - commit_granule_bytes: 65536.
 - commit_granule_words: 8192.
 - virtual_space_node_default_size: 8388608.
 - enlarge_chunks_in_place: 1.
 - new_chunks_are_fully_committed: 0.
 - uncommit_free_chunks: 1.
 - use_allocation_guard: 0.


Internal statistics:

num_allocs_failed_limit: 3.
num_arena_births: 420.
num_arena_deaths: 0.
num_vsnodes_births: 2.
num_vsnodes_deaths: 0.
num_space_committed: 394.
num_space_uncommitted: 0.
num_chunks_returned_to_freelist: 3.
num_chunks_taken_from_freelist: 1337.
num_chunk_merges: 3.
num_chunk_splits: 882.
num_chunks_enlarged: 689.
num_inconsistent_stats: 0.

CodeCache: size=49152Kb used=8561Kb max_used=10141Kb free=40590Kb
 bounds [0x000002a7c3660000, 0x000002a7c4130000, 0x000002a7c6660000]
 total_blobs=5178 nmethods=4681 adapters=424
 compilation: enabled
              stopped_count=0, restarted_count=0
 full_count=0

Compilation events (20 events):
Event: 10078.061 Thread 0x000002a7f350b8b0 4667       1       java.text.DontCareFieldPosition::getFieldDelegate (5 bytes)
Event: 10078.061 Thread 0x000002a7f350b8b0 nmethod 4667 0x000002a7c3ec9e90 code [0x000002a7c3eca020, 0x000002a7c3eca0f8]
Event: 10078.062 Thread 0x000002a7f350b8b0 4669       1       org.apache.catalina.connector.Request$1::get (18 bytes)
Event: 10078.062 Thread 0x000002a7f350b8b0 nmethod 4669 0x000002a7c3ec9b90 code [0x000002a7c3ec9d20, 0x000002a7c3ec9df8]
Event: 10079.098 Thread 0x000002a7f350b8b0 4670       1       org.springframework.http.MediaType::parseMediaTypes (87 bytes)
Event: 10079.098 Thread 0x000002a7f350b8b0 nmethod 4670 0x000002a7c3ec9390 code [0x000002a7c3ec95c0, 0x000002a7c3ec9978]
Event: 10079.098 Thread 0x000002a7f350b8b0 4674       1       org.springframework.web.accept.ContentNegotiationManager::resolveMediaTypes (61 bytes)
Event: 10079.098 Thread 0x000002a7f350b8b0 nmethod 4674 0x000002a7c3ec8e10 code [0x000002a7c3ec9000, 0x000002a7c3ec9268]
Event: 10079.098 Thread 0x000002a7f350b8b0 4677       1       java.util.ArrayList::equalsRange (85 bytes)
Event: 10079.098 Thread 0x000002a7f350b8b0 nmethod 4677 0x000002a7c3ec8710 code [0x000002a7c3ec8900, 0x000002a7c3ec8c18]
Event: 10079.098 Thread 0x000002a7f350b8b0 4671       1       java.util.ArrayList::equals (62 bytes)
Event: 10079.099 Thread 0x000002a7f350b8b0 nmethod 4671 0x000002a7c3ec8090 code [0x000002a7c3ec8260, 0x000002a7c3ec8588]
Event: 10079.099 Thread 0x000002a7f350b8b0 4675       1       org.springframework.web.context.request.ServletWebRequest::getHeaderValues (27 bytes)
Event: 10079.099 Thread 0x000002a7f350b8b0 nmethod 4675 0x000002a7c3ec7a90 code [0x000002a7c3ec7c60, 0x000002a7c3ec7ea8]
Event: 10079.099 Thread 0x000002a7f350b8b0 4672   !   1       org.apache.tomcat.util.buf.StringCache::toString (606 bytes)
Event: 10079.104 Thread 0x000002a7f350b8b0 nmethod 4672 0x000002a7c3ec3910 code [0x000002a7c3ec3de0, 0x000002a7c3ec5d98]
Event: 10079.104 Thread 0x000002a7f350b8b0 4673       1       org.apache.tomcat.util.buf.CharChunk::toStringInternal (25 bytes)
Event: 10079.104 Thread 0x000002a7f350b8b0 nmethod 4673 0x000002a7c3ec3410 code [0x000002a7c3ec35c0, 0x000002a7c3ec3798]
Event: 10079.104 Thread 0x000002a7f350b8b0 4676   !   1       org.springframework.web.accept.HeaderContentNegotiationStrategy::resolveMediaTypes (92 bytes)
Event: 10079.106 Thread 0x000002a7f350b8b0 nmethod 4676 0x000002a7c3ec1d90 code [0x000002a7c3ec20a0, 0x000002a7c3ec2c58]

GC Heap History (20 events):
Event: 986.008 GC heap before
{Heap before GC invocations=5 (full 0):
 garbage-first heap   total 81920K, used 22470K [0x0000000404000000, 0x0000000800000000)
  region size 8192K, 2 young (16384K), 1 survivors (8192K)
 Metaspace       used 24765K, committed 25216K, reserved 1114112K
  class space    used 3255K, committed 3456K, reserved 1048576K
}
Event: 986.014 GC heap after
{Heap after GC invocations=6 (full 0):
 garbage-first heap   total 81920K, used 13666K [0x0000000404000000, 0x0000000800000000)
  region size 8192K, 1 young (8192K), 1 survivors (8192K)
 Metaspace       used 24765K, committed 25216K, reserved 1114112K
  class space    used 3255K, committed 3456K, reserved 1048576K
}
Event: 2291.441 GC heap before
{Heap before GC invocations=6 (full 0):
 garbage-first heap   total 81920K, used 46434K [0x0000000404000000, 0x0000000800000000)
  region size 8192K, 5 young (40960K), 1 survivors (8192K)
 Metaspace       used 24776K, committed 25216K, reserved 1114112K
  class space    used 3257K, committed 3456K, reserved 1048576K
}
Event: 2291.443 GC heap after
{Heap after GC invocations=7 (full 0):
 garbage-first heap   total 81920K, used 13470K [0x0000000404000000, 0x0000000800000000)
  region size 8192K, 1 young (8192K), 1 survivors (8192K)
 Metaspace       used 24776K, committed 25216K, reserved 1114112K
  class space    used 3257K, committed 3456K, reserved 1048576K
}
Event: 3594.027 GC heap before
{Heap before GC invocations=7 (full 0):
 garbage-first heap   total 81920K, used 46238K [0x0000000404000000, 0x0000000800000000)
  region size 8192K, 5 young (40960K), 1 survivors (8192K)
 Metaspace       used 24776K, committed 25216K, reserved 1114112K
  class space    used 3257K, committed 3456K, reserved 1048576K
}
Event: 3594.029 GC heap after
{Heap after GC invocations=8 (full 0):
 garbage-first heap   total 81920K, used 13365K [0x0000000404000000, 0x0000000800000000)
  region size 8192K, 1 young (8192K), 1 survivors (8192K)
 Metaspace       used 24776K, committed 25216K, reserved 1114112K
  class space    used 3257K, committed 3456K, reserved 1048576K
}
Event: 4886.339 GC heap before
{Heap before GC invocations=8 (full 0):
 garbage-first heap   total 81920K, used 46133K [0x0000000404000000, 0x0000000800000000)
  region size 8192K, 5 young (40960K), 1 survivors (8192K)
 Metaspace       used 24776K, committed 25216K, reserved 1114112K
  class space    used 3257K, committed 3456K, reserved 1048576K
}
Event: 4886.341 GC heap after
{Heap after GC invocations=9 (full 0):
 garbage-first heap   total 81920K, used 13383K [0x0000000404000000, 0x0000000800000000)
  region size 8192K, 1 young (8192K), 1 survivors (8192K)
 Metaspace       used 24776K, committed 25216K, reserved 1114112K
  class space    used 3257K, committed 3456K, reserved 1048576K
}
Event: 6307.492 GC heap before
{Heap before GC invocations=9 (full 0):
 garbage-first heap   total 81920K, used 54343K [0x0000000404000000, 0x0000000800000000)
  region size 8192K, 6 young (49152K), 1 survivors (8192K)
 Metaspace       used 24776K, committed 25216K, reserved 1114112K
  class space    used 3257K, committed 3456K, reserved 1048576K
}
Event: 6307.494 GC heap after
{Heap after GC invocations=10 (full 0):
 garbage-first heap   total 81920K, used 13334K [0x0000000404000000, 0x0000000800000000)
  region size 8192K, 1 young (8192K), 1 survivors (8192K)
 Metaspace       used 24776K, committed 25216K, reserved 1114112K
  class space    used 3257K, committed 3456K, reserved 1048576K
}
Event: 7857.239 GC heap before
{Heap before GC invocations=10 (full 0):
 garbage-first heap   total 81920K, used 54294K [0x0000000404000000, 0x0000000800000000)
  region size 8192K, 6 young (49152K), 1 survivors (8192K)
 Metaspace       used 24776K, committed 25216K, reserved 1114112K
  class space    used 3257K, committed 3456K, reserved 1048576K
}
Event: 7857.242 GC heap after
{Heap after GC invocations=11 (full 0):
 garbage-first heap   total 81920K, used 13322K [0x0000000404000000, 0x0000000800000000)
  region size 8192K, 1 young (8192K), 1 survivors (8192K)
 Metaspace       used 24776K, committed 25216K, reserved 1114112K
  class space    used 3257K, committed 3456K, reserved 1048576K
}
Event: 9217.077 GC heap before
{Heap before GC invocations=11 (full 0):
 garbage-first heap   total 81920K, used 54282K [0x0000000404000000, 0x0000000800000000)
  region size 8192K, 6 young (49152K), 1 survivors (8192K)
 Metaspace       used 24776K, committed 25216K, reserved 1114112K
  class space    used 3257K, committed 3456K, reserved 1048576K
}
Event: 9217.080 GC heap after
{Heap after GC invocations=12 (full 0):
 garbage-first heap   total 81920K, used 13342K [0x0000000404000000, 0x0000000800000000)
  region size 8192K, 1 young (8192K), 1 survivors (8192K)
 Metaspace       used 24776K, committed 25216K, reserved 1114112K
  class space    used 3257K, committed 3456K, reserved 1048576K
}
Event: 10686.068 GC heap before
{Heap before GC invocations=12 (full 0):
 garbage-first heap   total 81920K, used 54302K [0x0000000404000000, 0x0000000800000000)
  region size 8192K, 6 young (49152K), 1 survivors (8192K)
 Metaspace       used 24776K, committed 25216K, reserved 1114112K
  class space    used 3257K, committed 3456K, reserved 1048576K
}
Event: 10686.070 GC heap after
{Heap after GC invocations=13 (full 0):
 garbage-first heap   total 81920K, used 13384K [0x0000000404000000, 0x0000000800000000)
  region size 8192K, 1 young (8192K), 1 survivors (8192K)
 Metaspace       used 24776K, committed 25216K, reserved 1114112K
  class space    used 3257K, committed 3456K, reserved 1048576K
}
Event: 12262.635 GC heap before
{Heap before GC invocations=13 (full 0):
 garbage-first heap   total 81920K, used 54344K [0x0000000404000000, 0x0000000800000000)
  region size 8192K, 6 young (49152K), 1 survivors (8192K)
 Metaspace       used 24776K, committed 25216K, reserved 1114112K
  class space    used 3257K, committed 3456K, reserved 1048576K
}
Event: 12262.637 GC heap after
{Heap after GC invocations=14 (full 0):
 garbage-first heap   total 81920K, used 13387K [0x0000000404000000, 0x0000000800000000)
  region size 8192K, 1 young (8192K), 1 survivors (8192K)
 Metaspace       used 24776K, committed 25216K, reserved 1114112K
  class space    used 3257K, committed 3456K, reserved 1048576K
}
Event: 13839.194 GC heap before
{Heap before GC invocations=14 (full 0):
 garbage-first heap   total 81920K, used 54347K [0x0000000404000000, 0x0000000800000000)
  region size 8192K, 6 young (49152K), 1 survivors (8192K)
 Metaspace       used 24776K, committed 25216K, reserved 1114112K
  class space    used 3257K, committed 3456K, reserved 1048576K
}
Event: 13839.196 GC heap after
{Heap after GC invocations=15 (full 0):
 garbage-first heap   total 81920K, used 13331K [0x0000000404000000, 0x0000000800000000)
  region size 8192K, 1 young (8192K), 1 survivors (8192K)
 Metaspace       used 24776K, committed 25216K, reserved 1114112K
  class space    used 3257K, committed 3456K, reserved 1048576K
}

Deoptimization events (10 events):
Event: 0.733 Thread 0x000002a7f3c5cab0 DEOPT PACKING pc=0x000002a7c3b65b79 sp=0x000000be682fd390
Event: 0.733 Thread 0x000002a7f3c5cab0 DEOPT UNPACKING pc=0x000002a7c36b2b43 sp=0x000000be682fc870 mode 3
Event: 1.756 Thread 0x000002a7f3c5cab0 DEOPT PACKING pc=0x000002a7c3decae5 sp=0x000000be682fc780
Event: 1.756 Thread 0x000002a7f3c5cab0 DEOPT UNPACKING pc=0x000002a7c36b2b43 sp=0x000000be682fbce8 mode 3
Event: 1.766 Thread 0x000002a7f3c5cab0 DEOPT PACKING pc=0x000002a7c3b67609 sp=0x000000be682fe8a0
Event: 1.766 Thread 0x000002a7f3c5cab0 DEOPT UNPACKING pc=0x000002a7c36b2b43 sp=0x000000be682fdd30 mode 3
Event: 1.766 Thread 0x000002a7f4b75e70 DEOPT PACKING pc=0x000002a7c3b5929f sp=0x000000be68dff290
Event: 1.766 Thread 0x000002a7f4b75e70 DEOPT UNPACKING pc=0x000002a7c36b2b43 sp=0x000000be68dfe6e8 mode 3
Event: 409.595 Thread 0x000002a7f4ca09a0 DEOPT PACKING pc=0x000002a7c37c8e2f sp=0x000000be69dff010
Event: 409.595 Thread 0x000002a7f4ca09a0 DEOPT UNPACKING pc=0x000002a7c36b2b43 sp=0x000000be69dfe570 mode 3

Classes loaded (20 events):
Event: 337.792 Loading class java/util/OptionalDouble
Event: 337.792 Loading class java/util/OptionalDouble done
Event: 337.798 Loading class sun/nio/cs/US_ASCII$Decoder
Event: 337.798 Loading class sun/nio/cs/US_ASCII$Decoder done
Event: 337.810 Loading class java/util/concurrent/atomic/AtomicReferenceArray
Event: 337.810 Loading class java/util/concurrent/atomic/AtomicReferenceArray done
Event: 337.827 Loading class java/io/ObjectInputStream
Event: 337.827 Loading class java/io/ObjectInput
Event: 337.827 Loading class java/io/ObjectInput done
Event: 337.827 Loading class java/io/ObjectStreamConstants
Event: 337.827 Loading class java/io/ObjectStreamConstants done
Event: 337.827 Loading class java/io/ObjectInputStream done
Event: 337.827 Loading class java/io/ObjectOutputStream
Event: 337.827 Loading class java/io/ObjectOutput
Event: 337.827 Loading class java/io/ObjectOutput done
Event: 337.827 Loading class java/io/ObjectOutputStream done
Event: 409.595 Loading class java/net/SocketTimeoutException
Event: 409.595 Loading class java/io/InterruptedIOException
Event: 409.595 Loading class java/io/InterruptedIOException done
Event: 409.595 Loading class java/net/SocketTimeoutException done

Classes unloaded (0 events):
No events

Classes redefined (0 events):
No events

Internal exceptions (20 events):
Event: 1.798 Thread 0x000002a7f3c5cab0 Exception <a 'java/lang/ClassNotFoundException'{0x0000000442930400}: org/springframework/beans/factory/AwareCustomizer> (0x0000000442930400) 
thrown [s\open\src\hotspot\share\classfile\systemDictionary.cpp, line 255]
Event: 1.800 Thread 0x000002a7f3c5cab0 Exception <a 'java/lang/NoSuchMethodError'{0x0000000442955c50}: 'java.lang.Object java.lang.invoke.DirectMethodHandle$Holder.newInvokeSpecial(java.lang.Object, java.lang.Object, java.lang.Object, java.lang.Object, java.lang.Object, java.lang.Object, java.lang.Object, java.lang.Object)'> (0x0000000442955c50) 
thrown [s\open\src\hotspot\share\interpreter\linkResolver.cpp, line 759]
Event: 1.800 Thread 0x000002a7f3c5cab0 Exception <a 'java/lang/NoSuchMethodError'{0x000000044295b010}: 'java.lang.Object java.lang.invoke.DirectMethodHandle$Holder.invokeSpecial(java.lang.Object, java.lang.Object, java.lang.Object, java.lang.Object, java.lang.Object, java.lang.Object, java.lang.Object, java.lang.Object, java.lang.Object)'> (0x000000044295b010) 
thrown [s\open\src\hotspot\share\interpreter\linkResolver.cpp, line 759]
Event: 1.858 Thread 0x000002a7f3c5cab0 Exception <a 'java/lang/NoSuchMethodError'{0x0000000442e06030}: 'void java.lang.invoke.DirectMethodHandle$Holder.invokeVirtual(java.lang.Object, java.lang.Object, long)'> (0x0000000442e06030) 
thrown [s\open\src\hotspot\share\interpreter\linkResolver.cpp, line 759]
Event: 1.942 Thread 0x000002a7f3c5cab0 Exception <a 'java/lang/IncompatibleClassChangeError'{0x000000044389a7c8}: Found class java.lang.Object, but interface was expected> (0x000000044389a7c8) 
thrown [s\open\src\hotspot\share\interpreter\linkResolver.cpp, line 826]
Event: 1.971 Thread 0x000002a7f3c5cab0 Exception <a 'java/lang/NoSuchMethodError'{0x0000000443a28cd0}: 'int java.lang.invoke.DirectMethodHandle$Holder.invokeStaticInit(java.lang.Object, java.lang.Object, java.lang.Object, java.lang.Object)'> (0x0000000443a28cd0) 
thrown [s\open\src\hotspot\share\interpreter\linkResolver.cpp, line 759]
Event: 2.044 Thread 0x000002a7f3c5cab0 Exception <a 'java/lang/NoSuchMethodError'{0x0000000443e6bf20}: 'java.lang.Object java.lang.invoke.DirectMethodHandle$Holder.newInvokeSpecial(java.lang.Object, java.lang.Object, int, java.lang.Object, java.lang.Object)'> (0x0000000443e6bf20) 
thrown [s\open\src\hotspot\share\interpreter\linkResolver.cpp, line 759]
Event: 2.044 Thread 0x000002a7f3c5cab0 Exception <a 'java/lang/NoSuchMethodError'{0x0000000443e77778}: 'java.lang.Object java.lang.invoke.DirectMethodHandle$Holder.invokeSpecial(java.lang.Object, java.lang.Object, int, java.lang.Object, int, java.lang.Object)'> (0x0000000443e77778) 
thrown [s\open\src\hotspot\share\interpreter\linkResolver.cpp, line 759]
Event: 2.044 Thread 0x000002a7f3c5cab0 Exception <a 'java/lang/NoSuchMethodError'{0x0000000443e7f570}: 'java.lang.Object java.lang.invoke.DirectMethodHandle$Holder.newInvokeSpecial(java.lang.Object, java.lang.Object, int, java.lang.Object, int)'> (0x0000000443e7f570) 
thrown [s\open\src\hotspot\share\interpreter\linkResolver.cpp, line 759]
Event: 2.045 Thread 0x000002a7f3c5cab0 Exception <a 'java/lang/NoSuchMethodError'{0x0000000443e83678}: 'java.lang.Object java.lang.invoke.DirectMethodHandle$Holder.invokeSpecial(java.lang.Object, java.lang.Object, java.lang.Object, int, java.lang.Object, int)'> (0x0000000443e83678) 
thrown [s\open\src\hotspot\share\interpreter\linkResolver.cpp, line 759]
Event: 2.045 Thread 0x000002a7f3c5cab0 Exception <a 'java/lang/NoSuchMethodError'{0x0000000443e8d7e0}: 'void java.lang.invoke.DirectMethodHandle$Holder.invokeVirtual(java.lang.Object, java.lang.Object)'> (0x0000000443e8d7e0) 
thrown [s\open\src\hotspot\share\interpreter\linkResolver.cpp, line 759]
Event: 337.684 Thread 0x000002a7f4ca3e90 Exception <a 'java/lang/NoSuchMethodError'{0x0000000406b020d0}: 'java.lang.Object java.lang.invoke.DirectMethodHandle$Holder.invokeStatic(java.lang.Object, int, int)'> (0x0000000406b020d0) 
thrown [s\open\src\hotspot\share\interpreter\linkResolver.cpp, line 759]
Event: 402.768 Thread 0x000002a7f4ca1810 Exception <a 'java/io/IOException'{0x0000000407861b00}> (0x0000000407861b00) 
thrown [s\open\src\hotspot\share\prims\jni.cpp, line 516]
Event: 402.773 Thread 0x000002a7f4ca1810 Exception <a 'java/io/IOException'{0x00000004061c1948}> (0x00000004061c1948) 
thrown [s\open\src\hotspot\share\prims\jni.cpp, line 516]
Event: 1442.749 Thread 0x000002a7f4ca3020 Exception <a 'java/io/IOException'{0x0000000407b626b0}> (0x0000000407b626b0) 
thrown [s\open\src\hotspot\share\prims\jni.cpp, line 516]
Event: 1442.749 Thread 0x000002a7f4ca3020 Exception <a 'java/io/IOException'{0x0000000407b63a70}> (0x0000000407b63a70) 
thrown [s\open\src\hotspot\share\prims\jni.cpp, line 516]
Event: 4965.362 Thread 0x000002a7f4ca04d0 Exception <a 'java/io/IOException'{0x0000000443b85e28}> (0x0000000443b85e28) 
thrown [s\open\src\hotspot\share\prims\jni.cpp, line 516]
Event: 4965.363 Thread 0x000002a7f4ca04d0 Exception <a 'java/io/IOException'{0x0000000443b871a0}> (0x0000000443b871a0) 
thrown [s\open\src\hotspot\share\prims\jni.cpp, line 516]
Event: 8779.219 Thread 0x000002a7f4ca04d0 Exception <a 'java/io/IOException'{0x000000040736db18}> (0x000000040736db18) 
thrown [s\open\src\hotspot\share\prims\jni.cpp, line 516]
Event: 8779.220 Thread 0x000002a7f4ca04d0 Exception <a 'java/io/IOException'{0x000000040736eed0}> (0x000000040736eed0) 
thrown [s\open\src\hotspot\share\prims\jni.cpp, line 516]

VM Operations (20 events):
Event: 8779.456 Executing VM operation: Cleanup
Event: 8779.456 Executing VM operation: Cleanup done
Event: 9110.129 Executing VM operation: Cleanup
Event: 9110.129 Executing VM operation: Cleanup done
Event: 9217.077 Executing VM operation: G1CollectForAllocation
Event: 9217.080 Executing VM operation: G1CollectForAllocation done
Event: 9281.170 Executing VM operation: Cleanup
Event: 9281.170 Executing VM operation: Cleanup done
Event: 9282.172 Executing VM operation: Cleanup
Event: 9282.172 Executing VM operation: Cleanup done
Event: 9473.669 Executing VM operation: Cleanup
Event: 9473.669 Executing VM operation: Cleanup done
Event: 9606.692 Executing VM operation: Cleanup
Event: 9606.692 Executing VM operation: Cleanup done
Event: 10686.067 Executing VM operation: G1CollectForAllocation
Event: 10686.070 Executing VM operation: G1CollectForAllocation done
Event: 12262.635 Executing VM operation: G1CollectForAllocation
Event: 12262.637 Executing VM operation: G1CollectForAllocation done
Event: 13839.194 Executing VM operation: G1CollectForAllocation
Event: 13839.196 Executing VM operation: G1CollectForAllocation done

Events (20 events):
Event: 351.957 Thread 0x000002a7f3b5cba0 Thread exited: 0x000002a7f3b5cba0
Event: 354.824 Thread 0x000002a7f3b5a660 Thread exited: 0x000002a7f3b5a660
Event: 6201.088 Thread 0x000002a7f3b447c0 Thread added: 0x000002a7f3b447c0
Event: 6206.093 Thread 0x000002a7f3b447c0 Thread exited: 0x000002a7f3b447c0
Event: 8637.838 Thread 0x000002a7f36a34f0 Thread added: 0x000002a7f36a34f0
Event: 8642.840 Thread 0x000002a7f36a34f0 Thread exited: 0x000002a7f36a34f0
Event: 8722.625 Thread 0x000002a7f36a34f0 Thread added: 0x000002a7f36a34f0
Event: 8722.626 Thread 0x000002a7f377e300 Thread added: 0x000002a7f377e300
Event: 8722.626 Thread 0x000002a7f3561d10 Thread added: 0x000002a7f3561d10
Event: 8723.755 Thread 0x000002a7f3561d10 Thread exited: 0x000002a7f3561d10
Event: 8724.539 Thread 0x000002a7f377e300 Thread exited: 0x000002a7f377e300
Event: 8730.022 Thread 0x000002a7f36a34f0 Thread exited: 0x000002a7f36a34f0
Event: 8819.232 Thread 0x000002a7f37782e0 Thread added: 0x000002a7f37782e0
Event: 8824.234 Thread 0x000002a7f37782e0 Thread exited: 0x000002a7f37782e0
Event: 9282.076 Thread 0x000002a7f355c190 Thread added: 0x000002a7f355c190
Event: 9282.076 Thread 0x000002a7f355c690 Thread added: 0x000002a7f355c690
Event: 9282.076 Thread 0x000002a7f355cb90 Thread added: 0x000002a7f355cb90
Event: 9287.079 Thread 0x000002a7f355cb90 Thread exited: 0x000002a7f355cb90
Event: 9292.080 Thread 0x000002a7f355c690 Thread exited: 0x000002a7f355c690
Event: 9297.082 Thread 0x000002a7f355c190 Thread exited: 0x000002a7f355c190


Dynamic libraries:
0x00007ff64ea80000 - 0x00007ff64ea90000 	C:\Program Files\Java\jdk-18.0.2.1\bin\java.exe
0x00007ff946920000 - 0x00007ff946b29000 	C:\WINDOWS\SYSTEM32\ntdll.dll
0x00007ff946350000 - 0x00007ff94640d000 	C:\WINDOWS\System32\KERNEL32.DLL
0x00007ff943f20000 - 0x00007ff94429c000 	C:\WINDOWS\System32\KERNELBASE.dll
0x00007ff93b2d0000 - 0x00007ff93b2ea000 	C:\Program Files\Java\jdk-18.0.2.1\bin\VCRUNTIME140.dll
0x00007ff944560000 - 0x00007ff944671000 	C:\WINDOWS\System32\ucrtbase.dll
0x00007ff937350000 - 0x00007ff937368000 	C:\Program Files\Java\jdk-18.0.2.1\bin\jli.dll
0x00007ff9454f0000 - 0x00007ff94559e000 	C:\WINDOWS\System32\ADVAPI32.dll
0x00007ff945440000 - 0x00007ff9454e3000 	C:\WINDOWS\System32\msvcrt.dll
0x00007ff945690000 - 0x00007ff94572e000 	C:\WINDOWS\System32\sechost.dll
0x00007ff945f20000 - 0x00007ff946040000 	C:\WINDOWS\System32\RPCRT4.dll
0x00007ff9457c0000 - 0x00007ff94596d000 	C:\WINDOWS\System32\USER32.dll
0x00007ff925470000 - 0x00007ff925715000 	C:\WINDOWS\WinSxS\amd64_microsoft.windows.common-controls_6595b64144ccf1df_6.0.22000.120_none_9d947278b86cc467\COMCTL32.dll
0x00007ff9468b0000 - 0x00007ff9468d9000 	C:\WINDOWS\System32\GDI32.dll
0x00007ff9442a0000 - 0x00007ff9442c6000 	C:\WINDOWS\System32\win32u.dll
0x00007ff943e00000 - 0x00007ff943f19000 	C:\WINDOWS\System32\gdi32full.dll
0x00007ff9442d0000 - 0x00007ff94436d000 	C:\WINDOWS\System32\msvcp_win.dll
0x00007ff93d960000 - 0x00007ff93d96a000 	C:\WINDOWS\SYSTEM32\VERSION.dll
0x00007ff946130000 - 0x00007ff946161000 	C:\WINDOWS\System32\IMM32.DLL
0x00007ff93de40000 - 0x00007ff93de4c000 	C:\Program Files\Java\jdk-18.0.2.1\bin\vcruntime140_1.dll
0x00007ff937100000 - 0x00007ff93718d000 	C:\Program Files\Java\jdk-18.0.2.1\bin\msvcp140.dll
0x00007ff894b10000 - 0x00007ff895721000 	C:\Program Files\Java\jdk-18.0.2.1\bin\server\jvm.dll
0x00007ff946340000 - 0x00007ff946348000 	C:\WINDOWS\System32\PSAPI.DLL
0x00007ff93dd50000 - 0x00007ff93dd83000 	C:\WINDOWS\SYSTEM32\WINMM.dll
0x00007ff9233b0000 - 0x00007ff9233b9000 	C:\WINDOWS\SYSTEM32\WSOCK32.dll
0x00007ff945610000 - 0x00007ff94567f000 	C:\WINDOWS\System32\WS2_32.dll
0x00007ff942e90000 - 0x00007ff942ea8000 	C:\WINDOWS\SYSTEM32\kernel.appcore.dll
0x00007ff93cfe0000 - 0x00007ff93cfea000 	C:\Program Files\Java\jdk-18.0.2.1\bin\jimage.dll
0x00007ff941660000 - 0x00007ff941881000 	C:\WINDOWS\SYSTEM32\DBGHELP.DLL
0x00007ff939e00000 - 0x00007ff939e31000 	C:\WINDOWS\SYSTEM32\dbgcore.DLL
0x00007ff944370000 - 0x00007ff9443ef000 	C:\WINDOWS\System32\bcryptPrimitives.dll
0x00007ff939fc0000 - 0x00007ff939fe5000 	C:\Program Files\Java\jdk-18.0.2.1\bin\java.dll
0x00007ff937bb0000 - 0x00007ff937c86000 	C:\Program Files\Java\jdk-18.0.2.1\bin\jsvml.dll
0x00007ff944810000 - 0x00007ff944fc8000 	C:\WINDOWS\System32\SHELL32.dll
0x00007ff942420000 - 0x00007ff942c88000 	C:\WINDOWS\SYSTEM32\windows.storage.dll
0x00007ff945ba0000 - 0x00007ff945f19000 	C:\WINDOWS\System32\combase.dll
0x00007ff9422b0000 - 0x00007ff942416000 	C:\WINDOWS\SYSTEM32\wintypes.dll
0x00007ff946040000 - 0x00007ff94612a000 	C:\WINDOWS\System32\SHCORE.dll
0x00007ff9447b0000 - 0x00007ff94480d000 	C:\WINDOWS\System32\shlwapi.dll
0x00007ff943d30000 - 0x00007ff943d51000 	C:\WINDOWS\SYSTEM32\profapi.dll
0x00007ff938050000 - 0x00007ff938063000 	C:\Program Files\Java\jdk-18.0.2.1\bin\net.dll
0x00007ff942eb0000 - 0x00007ff942fbc000 	C:\WINDOWS\SYSTEM32\WINHTTP.dll
0x00007ff9433c0000 - 0x00007ff943427000 	C:\WINDOWS\system32\mswsock.dll
0x00007ff937d10000 - 0x00007ff937d26000 	C:\Program Files\Java\jdk-18.0.2.1\bin\nio.dll
0x00007ff937b90000 - 0x00007ff937ba8000 	C:\Program Files\Java\jdk-18.0.2.1\bin\zip.dll
0x00007ff939f00000 - 0x00007ff939f09000 	C:\Program Files\Java\jdk-18.0.2.1\bin\management.dll
0x00007ff937b80000 - 0x00007ff937b8b000 	C:\Program Files\Java\jdk-18.0.2.1\bin\management_ext.dll
0x00007ff915f50000 - 0x00007ff915f67000 	C:\WINDOWS\system32\napinsp.dll
0x00007ff915f30000 - 0x00007ff915f4b000 	C:\WINDOWS\system32\pnrpnsp.dll
0x00007ff941ff0000 - 0x00007ff9420d8000 	C:\WINDOWS\SYSTEM32\DNSAPI.dll
0x00007ff941fc0000 - 0x00007ff941fed000 	C:\WINDOWS\SYSTEM32\IPHLPAPI.DLL
0x00007ff945970000 - 0x00007ff945979000 	C:\WINDOWS\System32\NSI.dll
0x00007ff915ee0000 - 0x00007ff915ef2000 	C:\WINDOWS\System32\winrnr.dll
0x00007ff915ec0000 - 0x00007ff915ed5000 	C:\WINDOWS\system32\wshbth.dll
0x00007ff915ea0000 - 0x00007ff915ebf000 	C:\WINDOWS\system32\nlansp_c.dll
0x0000000050d50000 - 0x0000000050d76000 	C:\Program Files\Bonjour\mdnsNSP.dll
0x00007ff930ef0000 - 0x00007ff930efa000 	C:\Windows\System32\rasadhlp.dll
0x00007ff93bb50000 - 0x00007ff93bbd1000 	C:\WINDOWS\System32\fwpuclnt.dll
0x00007ff9436a0000 - 0x00007ff9436b8000 	C:\WINDOWS\SYSTEM32\CRYPTSP.dll
0x00007ff942df0000 - 0x00007ff942e25000 	C:\WINDOWS\system32\rsaenh.dll
0x00007ff943460000 - 0x00007ff943489000 	C:\WINDOWS\SYSTEM32\USERENV.dll
0x00007ff9437e0000 - 0x00007ff943807000 	C:\WINDOWS\SYSTEM32\bcrypt.dll
0x00007ff943680000 - 0x00007ff94368c000 	C:\WINDOWS\SYSTEM32\CRYPTBASE.dll
0x00007ff93d970000 - 0x00007ff93d989000 	C:\WINDOWS\SYSTEM32\dhcpcsvc6.DLL
0x00007ff93da80000 - 0x00007ff93da9e000 	C:\WINDOWS\SYSTEM32\dhcpcsvc.DLL
0x00007ff937830000 - 0x00007ff93783e000 	C:\Program Files\Java\jdk-18.0.2.1\bin\sunmscapi.dll
0x00007ff9443f0000 - 0x00007ff944552000 	C:\WINDOWS\System32\CRYPT32.dll
0x00007ff9437b0000 - 0x00007ff9437d8000 	C:\WINDOWS\SYSTEM32\ncrypt.dll
0x00007ff943770000 - 0x00007ff9437a7000 	C:\WINDOWS\SYSTEM32\NTASN1.dll

dbghelp: loaded successfully - version: 4.0.5 - missing functions: none
symbol engine: initialized successfully - sym options: 0x614 - pdb path: .;C:\Program Files\Java\jdk-18.0.2.1\bin;C:\WINDOWS\SYSTEM32;C:\WINDOWS\WinSxS\amd64_microsoft.windows.common-controls_6595b64144ccf1df_6.0.22000.120_none_9d947278b86cc467;C:\Program Files\Java\jdk-18.0.2.1\bin\server;C:\Program Files\Bonjour

VM Arguments:
jvm_args: -XX:TieredStopAtLevel=1 -Xverify:none -XX:TieredStopAtLevel=1 
java_command: com.tienda.TiendaApplication
java_class_path (initial): C:\Temp\UStuff\PrograWeb\Tienda\target\classes;C:\Users\malopezp\.m2\repository\ch\qos\logback\logback-classic\1.2.11\logback-classic-1.2.11.jar;C:\Users\malopezp\.m2\repository\ch\qos\logback\logback-core\1.2.11\logback-core-1.2.11.jar;C:\Users\malopezp\.m2\repository\org\apache\logging\log4j\log4j-to-slf4j\2.17.2\log4j-to-slf4j-2.17.2.jar;C:\Users\malopezp\.m2\repository\org\apache\logging\log4j\log4j-api\2.17.2\log4j-api-2.17.2.jar;C:\Users\malopezp\.m2\repository\org\slf4j\jul-to-slf4j\1.7.36\jul-to-slf4j-1.7.36.jar;C:\Users\malopezp\.m2\repository\jakarta\annotation\jakarta.annotation-api\1.3.5\jakarta.annotation-api-1.3.5.jar;C:\Users\malopezp\.m2\repository\org\yaml\snakeyaml\1.30\snakeyaml-1.30.jar;C:\Users\malopezp\.m2\repository\org\thymeleaf\thymeleaf-spring5\3.0.15.RELEASE\thymeleaf-spring5-3.0.15.RELEASE.jar;C:\Users\malopezp\.m2\repository\org\thymeleaf\thymeleaf\3.0.15.RELEASE\thymeleaf-3.0.15.RELEASE.jar;C:\Users\malopezp\.m2\repository\org\attoparser\attoparser\2.0.5.RELEASE\attoparser-2.0.5.RELEASE.jar;C:\Users\malopezp\.m2\repository\org\unbescape\unbescape\1.1.6.RELEASE\unbescape-1.1.6.RELEASE.jar;C:\Users\malopezp\.m2\repository\org\slf4j\slf4j-api\1.7.36\slf4j-api-1.7.36.jar;C:\Users\malopezp\.m2\repository\org\thymeleaf\extras\thymeleaf-extras-java8time\3.0.4.RELEASE\thymeleaf-extras-java8time-3.0.4.RELEASE.jar;C:\Users\malopezp\.m2\repository\com\fasterxml\jackson\core\jackson-databind\2.13.3\jackson-databind-2.13.3.jar;C:\Users\malopezp\.m2\repository\com\fasterxml\jackson\core\jackson-annotations\2.13.3\jackson-annotations-2.13.3.jar;C:\Users\malopezp\.m2\repository\com\fasterxml\jackson\core\jackson-core\2.13.3\jackson-core-2.13.3.jar;C:\Users\malopezp\.m2\repository\com\fasterxml\jackson\datatype\jackson-datatype-jdk8\2.13.3\jackson-datatype-jdk8-2.13.3.jar;C:\Users\malopezp\.m2\repository\com\fasterxml\jackson\datatype\jackson-datatype-jsr310\2.13.3\jackson-datatype-jsr310-2.13.3.jar;C:\Users\malopezp\.m2\repository\com\fasterxml\jackson\module\jackson-module-parameter-names\2.13.3\jackson-module-parameter-names-2.13.3.jar;C:\Users\malopezp\.m2\repository\org\apache\tomcat\embed\tomcat-embed-core\9.0.65\tomcat-embed-core-9.0.65.jar;C:\Users\malopezp\.m2\repository\org\apache\tomcat\embed\tomcat-embed-el\9.0.65\tomcat-embed-el-9.0.65.jar;C:\Users\malopezp\.m2\repository\org\apache\tomcat\embed\tomcat-embed-websocket\9.0.65\tomcat-embed-websocket-9.0.65.jar;C:\Users\malopezp\.m2\repository\org\springframework\spring-web\5.3.22\spring-web-5.3.22.jar;C:\Users\malopezp\.m2\repository\org\springframework\spring-beans\5.3.22\spring-beans-5.3.22.jar;C:\Users\malopezp\.m2\repository\org\springframework\spring-webmvc\5.3.22\spring-webmvc-5.3.22.jar;C:\Users\malopezp\.m2\repository\org\springframework\spring-aop\5.3.22\spring-aop-5.3.22.jar;C:\Users\malopezp\.m2\repository\org\springframework\spring-context\5.3.22\spring-context-5.3.22.jar;C:\Users\malopezp\.m2\repository\org\springframework\spring-expression\5.3.22\spring-expression-5.3.22.jar;C:\Users\malopezp\.m2\repository\org\springframework\boot\spring-boot-devtools\2.7.3\spring-boot-devtools-2.7.3.jar;C:\Users\malopezp\.m2\repository\org\springframework\boot\spring-boot\2.7.3\spring-boot-2.7.3.jar;C:\Users\malopezp\.m2\repository\org\springframework\boot\spring-boot-autoconfigure\2.7.3\spring-boot-autoconfigure-2.7.3.jar;C:\Users\malopezp\.m2\repository\org\springframework\spring-core\5.3.22\spring-core-5.3.22.jar;C:\Users\malopezp\.m2\repository\org\springframework\spring-jcl\5.3.22\spring-jcl-5.3.22.jar
Launcher Type: SUN_STANDARD

[Global flags]
     intx CICompilerCount                          = 4                                         {product} {ergonomic}
     uint ConcGCThreads                            = 3                                         {product} {ergonomic}
     uint G1ConcRefinementThreads                  = 10                                        {product} {ergonomic}
   size_t G1HeapRegionSize                         = 8388608                                   {product} {ergonomic}
    uintx GCDrainStackTargetSize                   = 64                                        {product} {ergonomic}
   size_t InitialHeapSize                          = 1073741824                                {product} {ergonomic}
   size_t MarkStackSize                            = 4194304                                   {product} {ergonomic}
   size_t MaxHeapSize                              = 17112760320                               {product} {ergonomic}
   size_t MaxNewSize                               = 10267656192                               {product} {ergonomic}
   size_t MinHeapDeltaBytes                        = 8388608                                   {product} {ergonomic}
   size_t MinHeapSize                              = 8388608                                   {product} {ergonomic}
    uintx NonProfiledCodeHeapSize                  = 0                                      {pd product} {ergonomic}
     bool ProfileInterpreter                       = false                                  {pd product} {command line}
    uintx ProfiledCodeHeapSize                     = 0                                      {pd product} {ergonomic}
   size_t SoftMaxHeapSize                          = 17112760320                            {manageable} {ergonomic}
     intx TieredStopAtLevel                        = 1                                         {product} {command line}
     bool UseCompressedClassPointers               = true                           {product lp64_product} {ergonomic}
     bool UseCompressedOops                        = true                           {product lp64_product} {ergonomic}
     bool UseG1GC                                  = true                                      {product} {ergonomic}
     bool UseLargePagesIndividualAllocation        = false                                  {pd product} {ergonomic}

Logging:
Log output configuration:
 #0: stdout all=warning uptime,level,tags foldmultilines=false
 #1: stderr all=off uptime,level,tags foldmultilines=false

Environment Variables:
JAVA_HOME=C:\Program Files\Java\jdk-18.0.2.1
PATH=C:\Program Files\Common Files\Oracle\Java\javapath;C:\Program Files (x86)\Common Files\Oracle\Java\javapath;C:\Program Files\Common Files\Microsoft Shared\Microsoft Online Services;C:\Program Files (x86)\Common Files\Microsoft Shared\Microsoft Online Services;C:\WINDOWS\system32;C:\WINDOWS;C:\WINDOWS\System32\Wbem;C:\WINDOWS\System32\WindowsPowerShell\v1.0\;C:\WINDOWS\System32\OpenSSH\;C:\Program Files\Microsoft Network Monitor 3\;C:\Program Files\PowerShell\7\;C:\Program Files (x86)\Windows Kits\10\Windows Performance Toolkit\;C:\Program Files\Docker\Docker\resources\bin;C:\ProgramData\DockerDesktop\version-bin;C:\Program Files\Git\cmd;C:\Program Files\MySQL\MySQL Shell 8.0\bin\;C:\Users\malopezp\AppData\Local\Microsoft\WindowsApps;
USERNAME=malopezp
OS=Windows_NT
PROCESSOR_IDENTIFIER=Intel64 Family 6 Model 158 Stepping 10, GenuineIntel



---------------  S Y S T E M  ---------------

OS:
 Windows 11 , 64 bit Build 22000 (10.0.22000.708)
OS uptime: 0 days 6:21 hours
Hyper-V role detected

CPU: total 12 (initial active 12) (6 cores per cpu, 2 threads per core) family 6 model 158 stepping 10 microcode 0xf0, cx8, cmov, fxsr, ht, mmx, 3dnowpref, sse, sse2, sse3, ssse3, sse4.1, sse4.2, popcnt, lzcnt, tsc, tscinvbit, avx, avx2, aes, erms, clmul, bmi1, bmi2, adx, fma, vzeroupper, clflush, clflushopt, hv

Memory: 4k page, system-wide physical 65270M (48005M free)
TotalPageFile size 74998M (AvailPageFile size 53749M)
current process WorkingSet (physical memory assigned to process): 153M, peak: 153M
current process commit charge ("private bytes"): 209M, peak: 1183M

vm_info: Java HotSpot(TM) 64-Bit Server VM (18.0.2.1+1-1) for windows-amd64 JRE (18.0.2.1+1-1), built on Aug 16 2022 01:46:33 by "mach5one" with MS VC++ 16.8 / 16.9 (VS2019)

END.
